\BOOKMARK [1][-]{section*.2}{\376\377\000D\000a\000n\000h\000\040\000s\000\341\000c\000h\000\040\000h\000\354\000n\000h\000\040\000v\036\275}{}% 1
\BOOKMARK [1][-]{section*.3}{\376\377\000D\000a\000n\000h\000\040\000s\000\341\000c\000h\000\040\000b\000a\000n\000g}{}% 2
\BOOKMARK [1][-]{section*.4}{\376\377\000D\000a\000n\000h\000\040\000s\000\341\000c\000h\000\040\000c\000h\036\357\000\040\000v\000i\036\277\000t\000\040\000t\036\257\000t}{}% 3
\BOOKMARK [1][-]{section.1}{\376\377\000G\000I\036\332\000I\000\040\000T\000H\000I\036\306\000U\000\040\001\020\036\300\000\040\000T\000\300\000I}{}% 4
\BOOKMARK [2][-]{subsection.1.1}{\376\377\000\335\000\040\000t\001\260\036\337\000n\000g}{section.1}% 5
\BOOKMARK [2][-]{subsection.1.2}{\376\377\000M\036\345\000c\000\040\000t\000i\000\352\000u}{section.1}% 6
\BOOKMARK [3][-]{subsubsection.1.2.1}{\376\377\000P\000h\036\247\000n\000\040\000n\000g\000h\000i\000\352\000n\000\040\000c\036\351\000u}{subsection.1.2}% 7
\BOOKMARK [3][-]{subsubsection.1.2.2}{\376\377\000P\000h\036\247\000n\000\040\000k\036\277\000t\000\040\000q\000u\036\243}{subsection.1.2}% 8
\BOOKMARK [1][-]{section.2}{\376\377\000C\001\240\000\040\000S\036\336\000\040\000L\000\335\000\040\000T\000H\000U\000Y\036\276\000T}{}% 9
\BOOKMARK [2][-]{subsection.2.1}{\376\377\000G\000i\036\333\000i\000\040\000t\000h\000i\036\307\000u\000\040\000v\036\301\000\040\000I\000n\000t\000e\000r\000n\000e\000t\000\040\000o\000f\000\040\000T\000h\000i\000n\000g\000s}{section.2}% 10
\BOOKMARK [3][-]{subsubsection.2.1.1}{\376\377\000I\000n\000t\000e\000r\000n\000e\000t\000\040\000o\000f\000\040\000T\000h\000i\000n\000g\000s\000\040\000\050\000I\000o\000T\000\051}{subsection.2.1}% 11
\BOOKMARK [3][-]{subsubsection.2.1.2}{\376\377\001\020\036\313\000n\000h\000\040\000d\000a\000n\000h}{subsection.2.1}% 12
\BOOKMARK [3][-]{subsubsection.2.1.3}{\376\377\000C\036\245\000u\000\040\000t\000r\000\372\000c\000\040\000c\036\347\000a\000\040\000h\036\307\000\040\000t\000h\036\321\000n\000g\000\040\000I\000o\000T\000\040\000c\000a\000u\000t\000r\000u\000c\000i\000o\000t}{subsection.2.1}% 13
\BOOKMARK [3][-]{subsubsection.2.1.4}{\376\377\036\350\000n\000g\000\040\000d\036\345\000n\000g}{subsection.2.1}% 14
\BOOKMARK [2][-]{subsection.2.2}{\376\377\000G\000i\036\333\000i\000\040\000t\000h\000i\036\307\000u\000\040\000v\036\301\000\040\000h\036\307\000\040\000t\000h\036\321\000n\000g\000\040\000t\000h\036\347\000y\000\040\000c\000a\000n\000h}{section.2}% 15
\BOOKMARK [3][-]{subsubsection.2.2.1}{\376\377\000H\036\307\000\040\000t\000h\036\321\000n\000g\000\040\000d\036\241\000n\000g\000\040\000b\036\245\000c\000\040\000\050\000W\000i\000c\000k\000\040\000S\000y\000s\000t\000e\000m\000\051}{subsection.2.2}% 16
\BOOKMARK [3][-]{subsubsection.2.2.2}{\376\377\000H\036\307\000\040\000t\000h\036\321\000n\000g\000\040\000t\000h\036\347\000y\000\040\000c\000a\000n\000h\000\040\000t\001\051\000n\000h\000\040\000\050\000W\000a\000t\000e\000r\000\040\000C\000u\000l\000t\000u\000r\000e\000\051}{subsection.2.2}% 17
\BOOKMARK [3][-]{subsubsection.2.2.3}{\376\377\000H\036\307\000\040\000t\000h\036\321\000n\000g\000\040\000n\000g\036\255\000p\000\040\000v\000\340\000\040\000r\000\372\000t\000\040\001\021\036\313\000n\000h\000\040\000k\036\363\000\040\000\050\000E\000B\000B\000\040\000a\000n\000d\000\040\000F\000l\000o\000w\000\040\000S\000y\000s\000t\000e\000m\000\051}{subsection.2.2}% 18
\BOOKMARK [3][-]{subsubsection.2.2.4}{\376\377\000H\036\307\000\040\000t\000h\036\321\000n\000g\000\040\000n\000h\036\317\000\040\000g\000i\036\315\000t\000\040\000\050\000D\000r\000i\000p\000\040\000S\000y\000s\000t\000e\000m\000\051}{subsection.2.2}% 19
\BOOKMARK [3][-]{subsubsection.2.2.5}{\376\377\000H\036\307\000\040\000t\000h\036\321\000n\000g\000\040\000m\000\340\000n\000g\000\040\000d\000i\000n\000h\000\040\000d\001\260\036\341\000n\000g\000\040\000N\000F\000T\000\040\000\050\000N\000u\000t\000r\000i\000e\000n\000t\000\040\000F\000i\000l\000m\000\040\000T\000e\000c\000h\000n\000i\000q\000u\000e\000\051}{subsection.2.2}% 20
\BOOKMARK [3][-]{subsubsection.2.2.6}{\376\377\000K\000h\000\355\000\040\000c\000a\000n\000h\000\040\000\050\000A\000e\000r\000o\000p\000o\000n\000i\000c\000s\000\051}{subsection.2.2}% 21
\BOOKMARK [3][-]{subsubsection.2.2.7}{\376\377\000C\000\341\000c\000\040\000t\000h\000\364\000n\000g\000\040\000s\036\321\000\040\000t\000r\000o\000n\000g\000\040\000d\000u\000n\000g\000\040\000d\036\313\000c\000h\000\040\000t\000h\036\347\000y\000\040\000c\000a\000n\000h\000,\000\040\000t\000h\000i\036\277\000t\000\040\000b\036\313\000\040\001\021\000o\000\040\000p\000p\000m}{subsection.2.2}% 22
\BOOKMARK [2][-]{subsection.2.3}{\376\377\000H\036\307\000\040\000t\000h\036\321\000n\000g\000\040\000t\000h\036\347\000y\000\040\000c\000a\000n\000h\000\040\000v\036\333\000i\000\040\000I\000o\000T}{section.2}% 23
\BOOKMARK [2][-]{subsection.2.4}{\376\377\000C\000\341\000c\000\040\000h\036\307\000\040\000t\000h\036\321\000n\000g\000\040\000t\000h\036\347\000y\000\040\000c\000a\000n\000h\000\040\000t\036\361\000\040\001\021\036\331\000n\000g\000\040\000h\000i\036\307\000n\000\040\000c\000\363\000\040\000t\000r\000\352\000n\000\040\000t\000h\036\313\000\040\000t\000r\001\260\036\335\000n\000g}{section.2}% 24
\BOOKMARK [2][-]{subsection.2.5}{\376\377\000G\000i\036\333\000i\000\040\000t\000h\000i\036\307\000u\000\040\000v\036\301\000\040\000c\000\341\000c\000\040\000c\000\364\000n\000g\000\040\000n\000g\000h\036\307\000\040\001\021\001\260\036\343\000c\000\040\000s\036\355\000\040\000d\036\345\000n\000g}{section.2}% 25
\BOOKMARK [3][-]{subsubsection.2.5.1}{\376\377\000R\000E\000S\000T\000f\000u\000l\000\040\000w\000e\000b\000\040\000s\000e\000r\000v\000i\000c\000e\000\040\000r\000e\000s\000t\000f\000u\000l}{subsection.2.5}% 26
\BOOKMARK [3][-]{subsubsection.2.5.2}{\376\377\000N\000o\000d\000e\000j\000s\000\040\000n\000o\000d\000e\000j\000s}{subsection.2.5}% 27
\BOOKMARK [3][-]{subsubsection.2.5.3}{\376\377\000E\000x\000p\000r\000e\000s\000s\000J\000S\000\040\000e\000x\000p\000r\000e\000s\000s\000j\000s}{subsection.2.5}% 28
\BOOKMARK [3][-]{subsubsection.2.5.4}{\376\377\000S\000e\000q\000u\000e\000l\000i\000z\000e\000J\000S\000\040\000s\000e\000q\000u\000e\000l\000i\000z\000e}{subsection.2.5}% 29
\BOOKMARK [3][-]{subsubsection.2.5.5}{\376\377\000A\000n\000g\000u\000l\000a\000r\000J\000S\000\040\000a\000n\000g\000u\000l\000a\000r}{subsection.2.5}% 30
\BOOKMARK [3][-]{subsubsection.2.5.6}{\376\377\000A\000n\000g\000u\000l\000a\000r\000\040\0002\000\040\000a\000n\000g\000u\000l\000a\000r\0002}{subsection.2.5}% 31
\BOOKMARK [3][-]{subsubsection.2.5.7}{\376\377\000I\000o\000n\000i\000c\000\040\0002\000\040\000i\000o\000n\000i\000c}{subsection.2.5}% 32
\BOOKMARK [3][-]{subsubsection.2.5.8}{\376\377\000T\000y\000p\000e\000s\000c\000r\000i\000p\000t\000\040\000t\000y\000p\000e\000s\000c\000r\000i\000p\000t}{subsection.2.5}% 33
\BOOKMARK [3][-]{subsubsection.2.5.9}{\376\377\000J\000S\000O\000N\000\040\000W\000e\000b\000\040\000T\000o\000k\000e\000n\000\040\000j\000w\000t}{subsection.2.5}% 34
\BOOKMARK [3][-]{subsubsection.2.5.10}{\376\377\000P\000o\000s\000t\000g\000r\000e\000S\000Q\000L\000\040\000s\000q\000l}{subsection.2.5}% 35
\BOOKMARK [3][-]{subsubsection.2.5.11}{\376\377\000N\000o\000d\000e\000B\000B\000\040\000n\000o\000d\000e\000b\000b}{subsection.2.5}% 36
\BOOKMARK [3][-]{subsubsection.2.5.12}{\376\377\000G\000i\000t\000\040\000g\000i\000t}{subsection.2.5}% 37
\BOOKMARK [3][-]{subsubsection.2.5.13}{\376\377\000X\000X\000T\000E\000A\000\040\000x\000x\000t\000e\000a}{subsection.2.5}% 38
\BOOKMARK [3][-]{subsubsection.2.5.14}{\376\377\000A\000R\000M\000\040\000a\000r\000m}{subsection.2.5}% 39
\BOOKMARK [3][-]{subsubsection.2.5.15}{\376\377\000M\000b\000e\000d\000\040\000m\000b\000e\000d}{subsection.2.5}% 40
\BOOKMARK [3][-]{subsubsection.2.5.16}{\376\377\000A\000r\000d\000u\000i\000n\000o\000\040\000a\000r\000d\000u\000i\000n\000o}{subsection.2.5}% 41
\BOOKMARK [3][-]{subsubsection.2.5.17}{\376\377\000M\000Q\000T\000T\000\040\000m\000q\000t\000t\0002}{subsection.2.5}% 42
\BOOKMARK [1][-]{section.3}{\376\377\000T\000H\000I\036\276\000T\000\040\000K\036\276\000\040\000H\036\306\000\040\000T\000H\036\320\000N\000G}{}% 43
\BOOKMARK [2][-]{subsection.3.1}{\376\377\000K\000i\036\277\000n\000\040\000t\000r\000\372\000c\000\040\000m\000\364\000\040\000h\000\354\000n\000h\000\040\000h\036\307\000\040\000t\000h\036\321\000n\000g}{section.3}% 44
\BOOKMARK [2][-]{subsection.3.2}{\376\377\000H\036\307\000\040\000t\000h\036\321\000n\000g\000\040\000b\000o\000a\000r\000d\000\040\001\021\000i\036\301\000u\000\040\000k\000h\000i\036\303\000n}{section.3}% 45
\BOOKMARK [3][-]{subsubsection.3.2.1}{\376\377\000T\036\325\000n\000g\000\040\000q\000u\000a\000n\000\040\000m\000\364\000\040\000h\000\354\000n\000h\000\040\000b\000o\000a\000r\000d\000\040\001\021\000i\036\301\000u\000\040\000k\000h\000i\036\303\000n}{subsection.3.2}% 46
\BOOKMARK [3][-]{subsubsection.3.2.2}{\376\377\000H\000o\036\241\000t\000\040\001\021\036\331\000n\000g\000,\000\040\000c\000h\036\351\000c\000\040\000n\001\003\000n\000g}{subsection.3.2}% 47
\BOOKMARK [3][-]{subsubsection.3.2.3}{\376\377\000K\000i\036\277\000n\000\040\000t\000r\000\372\000c\000\040\000p\000h\036\247\000n\000\040\000m\036\301\000m}{subsection.3.2}% 48
\BOOKMARK [2][-]{subsection.3.3}{\376\377\036\350\000n\000g\000\040\000d\036\345\000n\000g\000\040\000w\000e\000b}{section.3}% 49
\BOOKMARK [3][-]{subsubsection.3.3.1}{\376\377\000S\001\241\000\040\001\021\036\323\000\040\000u\000s\000e\000\040\000c\000a\000s\000e}{subsection.3.3}% 50
\BOOKMARK [3][-]{subsubsection.3.3.2}{\376\377\000T\000h\000i\036\277\000t\000\040\000k\036\277\000\040\000d\000a\000t\000a\000b\000a\000s\000e}{subsection.3.3}% 51
\BOOKMARK [3][-]{subsubsection.3.3.3}{\376\377\000T\000h\000i\036\277\000t\000\040\000k\036\277\000\040\000A\000P\000I}{subsection.3.3}% 52
\BOOKMARK [2][-]{subsection.3.4}{\376\377\036\350\000n\000g\000\040\000d\036\345\000n\000g\000\040\000d\000i\000\040\001\021\036\331\000n\000g}{section.3}% 53
\BOOKMARK [2][-]{subsection.3.5}{\376\377\000G\000i\000a\000o\000\040\000t\000i\036\277\000p\000\040\000g\000i\036\357\000a\000\040\000B\000o\000a\000r\000d\000\040\001\021\000i\036\301\000u\000\040\000k\000h\000i\036\303\000n\000\040\000v\000\340\000\040\000W\000e\000b}{section.3}% 54
\BOOKMARK [3][-]{subsubsection.3.5.1}{\376\377\000G\000i\000a\000o\000\040\000t\000h\036\351\000c}{subsection.3.5}% 55
\BOOKMARK [3][-]{subsubsection.3.5.2}{\376\377\000C\036\245\000u\000\040\000t\000r\000\372\000c\000\040\000c\000\341\000c\000\040\000g\000\363\000i\000\040\000t\000i\000n}{subsection.3.5}% 56
\BOOKMARK [1][-]{section.4}{\376\377\000H\000I\036\306\000N\000\040\000T\000H\036\360\000C\000\040\000H\036\306\000\040\000T\000H\036\320\000N\000G}{}% 57
\BOOKMARK [2][-]{subsection.4.1}{\376\377\000H\036\307\000\040\000t\000h\036\321\000n\000g\000\040\000B\000o\000a\000r\000d\000\040\001\021\000i\036\301\000u\000\040\000k\000h\000i\036\303\000n}{section.4}% 58
\BOOKMARK [3][-]{subsubsection.4.1.1}{\376\377\000M\000\364\000i\000\040\000t\000r\001\260\036\335\000n\000g\000\040\000p\000h\000\341\000t\000\040\000t\000r\000i\036\303\000n}{subsection.4.1}% 59
\BOOKMARK [3][-]{subsubsection.4.1.2}{\376\377\000M\036\241\000c\000h\000\040\000c\000h\036\351\000c\000\040\000n\001\003\000n\000g\000\040\001\021\000o\000\040\000p\000p\000m}{subsection.4.1}% 60
\BOOKMARK [3][-]{subsubsection.4.1.3}{\376\377\000H\036\307\000\040\000t\000h\036\321\000n\000g\000\040\000b\000o\000a\000r\000d\000\040\001\021\000i\036\301\000u\000\040\000k\000h\000i\036\303\000n}{subsection.4.1}% 61
\BOOKMARK [2][-]{subsection.4.2}{\376\377\036\350\000n\000g\000\040\000d\036\345\000n\000g\000\040\000w\000e\000b}{section.4}% 62
\BOOKMARK [3][-]{subsubsection.4.2.1}{\376\377\000M\000\364\000i\000\040\000t\000r\001\260\036\335\000n\000g\000\040\000p\000h\000\341\000t\000\040\000t\000r\000i\036\303\000n}{subsection.4.2}% 63
\BOOKMARK [3][-]{subsubsection.4.2.2}{\376\377\000C\000\341\000c\000\040\000c\000h\036\351\000c\000\040\000n\001\003\000n\000g\000\040\000c\000h\000\355\000n\000h}{subsection.4.2}% 64
\BOOKMARK [3][-]{subsubsection.4.2.3}{\376\377\000H\000i\036\307\000n\000\040\000t\000h\036\361\000c\000\040\000s\000e\000r\000v\000e\000r\000\040\000A\000P\000I}{subsection.4.2}% 65
\BOOKMARK [3][-]{subsubsection.4.2.4}{\376\377\000C\036\245\000u\000\040\000t\000r\000\372\000c\000\040\000t\000h\001\260\000\040\000m\036\345\000c}{subsection.4.2}% 66
\BOOKMARK [3][-]{subsubsection.4.2.5}{\376\377\000X\000\342\000y\000\040\000d\036\361\000n\000g\000\040\000d\000a\000t\000a\000b\000a\000s\000e}{subsection.4.2}% 67
\BOOKMARK [3][-]{subsubsection.4.2.6}{\376\377\000M\036\331\000t\000\040\000s\036\321\000\040\000h\000\354\000n\000h\000\040\036\243\000n\000h}{subsection.4.2}% 68
\BOOKMARK [2][-]{subsection.4.3}{\376\377\036\350\000n\000g\000\040\000d\036\345\000n\000g\000\040\000d\000i\000\040\001\021\036\331\000n\000g}{section.4}% 69
\BOOKMARK [3][-]{subsubsection.4.3.1}{\376\377\000M\000\364\000i\000\040\000t\000r\001\260\036\335\000n\000g\000\040\000p\000h\000\341\000t\000\040\000t\000r\000i\036\303\000n}{subsection.4.3}% 70
\BOOKMARK [3][-]{subsubsection.4.3.2}{\376\377\000C\000\341\000c\000\040\000c\000h\036\351\000c\000\040\000n\001\003\000n\000g\000\040\000c\000h\000\355\000n\000h}{subsection.4.3}% 71
\BOOKMARK [3][-]{subsubsection.4.3.3}{\376\377\000M\036\331\000t\000\040\000s\036\321\000\040\000h\000\354\000n\000h\000\040\036\243\000n\000h}{subsection.4.3}% 72
\BOOKMARK [1][-]{section.5}{\376\377\000K\000I\036\302\000M\000\040\000T\000H\036\354\000\040\000H\036\306\000\040\000T\000H\036\320\000N\000G}{}% 73
\BOOKMARK [2][-]{subsection.5.1}{\376\377\000W\000e\000b\000\040\000s\000e\000r\000v\000e\000r}{section.5}% 74
\BOOKMARK [2][-]{subsection.5.2}{\376\377\036\350\000n\000g\000\040\000d\036\345\000n\000g\000\040\000d\000i\000\040\001\021\036\331\000n\000g}{section.5}% 75
\BOOKMARK [2][-]{subsection.5.3}{\376\377\000B\000o\000a\000r\000d\000\040\001\021\000i\036\301\000u\000\040\000k\000h\000i\036\303\000n}{section.5}% 76
\BOOKMARK [3][-]{subsubsection.5.3.1}{\376\377\000T\000h\000i\036\277\000t\000\040\000b\036\313}{subsection.5.3}% 77
\BOOKMARK [3][-]{subsubsection.5.3.2}{\376\377\000C\000\341\000c\000\040\000c\000h\036\351\000c\000\040\000n\001\003\000n\000g}{subsection.5.3}% 78
\BOOKMARK [2][-]{subsection.5.4}{\376\377\000K\036\277\000t\000\040\000n\036\321\000i\000\040\000g\000i\036\357\000a\000\040\036\351\000n\000g\000\040\000d\036\345\000n\000g\000\040\000w\000e\000b\000\040\000v\000\340\000\040\000b\000o\000a\000r\000d\000\040\001\021\000i\036\301\000u\000\040\000k\000h\000i\036\303\000n}{section.5}% 79
\BOOKMARK [3][-]{subsubsection.5.4.1}{\376\377\000D\036\357\000\040\000l\000i\036\307\000u\000\040\000n\000h\036\255\000n\000\040\000t\036\353\000\040\000c\036\243\000m\000\040\000b\000i\036\277\000n}{subsection.5.4}% 80
\BOOKMARK [3][-]{subsubsection.5.4.2}{\376\377\001\020\000i\036\301\000u\000\040\000k\000h\000i\036\303\000n\000\040\000c\000\341\000c\000\040\000a\000c\000t\000u\000a\000t\000o\000r}{subsection.5.4}% 81
\BOOKMARK [1][-]{section.6}{\376\377\000T\036\324\000N\000G\000\040\000K\036\276\000T\000\040\000V\000\300\000\040\000H\001\257\036\332\000N\000G\000\040\000P\000H\000\301\000T\000\040\000T\000R\000I\036\302\000N}{}% 82
\BOOKMARK [2][-]{subsection.6.1}{\376\377\000T\036\325\000n\000g\000\040\000k\036\277\000t}{section.6}% 83
\BOOKMARK [3][-]{subsubsection.6.1.1}{\376\377\000K\036\277\000t\000\040\000q\000u\036\243\000\040\001\021\036\241\000t\000\040\001\021\001\260\036\343\000c}{subsection.6.1}% 84
\BOOKMARK [3][-]{subsubsection.6.1.2}{\376\377\000N\000h\036\357\000n\000g\000\040\000h\036\241\000n\000\040\000c\000h\036\277\000\040\000c\036\347\000a\000\040\000h\036\307\000\040\000t\000h\036\321\000n\000g}{subsection.6.1}% 85
\BOOKMARK [3][-]{subsubsection.6.1.3}{\376\377\000T\000h\000u\036\255\000n\000\040\000l\036\343\000i\000,\000\040\000k\000h\000\363\000\040\000k\000h\001\003\000n\000\040\000t\000r\000o\000n\000g\000\040\000q\000u\000\341\000\040\000t\000r\000\354\000n\000h\000\040\000t\000h\036\361\000c\000\040\000h\000i\036\307\000n\000\040\001\021\036\301\000\040\000t\000\340\000i}{subsection.6.1}% 86
\BOOKMARK [3][-]{subsubsection.6.1.4}{\376\377\000K\000i\036\277\000n\000\040\000t\000h\036\351\000c\000\040\000t\000h\000u\000\040\000t\000h\036\255\000p\000\040\001\021\001\260\036\343\000c}{subsection.6.1}% 87
\BOOKMARK [2][-]{subsection.6.2}{\376\377\000H\001\260\036\333\000n\000g\000\040\000m\036\337\000\040\000r\036\331\000n\000g\000\040\000h\036\307\000\040\000t\000h\036\321\000n\000g}{section.6}% 88
\BOOKMARK [3][-]{subsubsection.6.2.1}{\376\377\036\350\000n\000g\000\040\000d\036\345\000n\000g\000\040\000w\000e\000b}{subsection.6.2}% 89
\BOOKMARK [3][-]{subsubsection.6.2.2}{\376\377\036\350\000n\000g\000\040\000d\036\345\000n\000g\000\040\000d\000i\000\040\001\021\036\331\000n\000g}{subsection.6.2}% 90
\BOOKMARK [3][-]{subsubsection.6.2.3}{\376\377\000B\000o\000a\000r\000d\000\040\001\021\000i\036\301\000u\000\040\000k\000h\000i\036\303\000n}{subsection.6.2}% 91
\BOOKMARK [2][-]{subsection.6.3}{\376\377\000Q\000u\000\341\000\040\000t\000r\000\354\000n\000h\000\040\000l\000\340\000m\000\040\000v\000i\036\307\000c\000\040\000c\036\347\000a\000\040\000n\000h\000\363\000m}{section.6}% 92
\BOOKMARK [1][-]{section*.7}{\376\377\000T\000\340\000i\000\040\000l\000i\003\043\000u}{}% 93
\BOOKMARK [1][-]{appendix.A}{\376\377\000P\000H\036\344\000\040\000L\036\344\000C\000\040\000A\000:\000\040\000C\000H\000I\000\040\000T\000I\036\276\000T\000\040\000C\000\301\000C\000\040\000U\000S\000E\000\040\000C\000A\000S\000E}{}% 94
\BOOKMARK [1][-]{appendix.B}{\376\377\000P\000H\036\344\000\040\000L\036\344\000C\000\040\000B\000:\000\040\000C\000H\000I\000\040\000T\000I\036\276\000T\000\040\000C\000\301\000C\000\040\000A\000P\000I}{}% 95
\BOOKMARK [1][-]{appendix.C}{\376\377\000P\000H\036\344\000\040\000L\036\344\000C\000\040\000C\000:\000\040\000H\001\257\036\332\000N\000G\000\040\000D\036\252\000N\000\040\000T\000R\000I\036\302\000N\000\040\000K\000H\000A\000I\000\040\000V\000\300\000\040\000S\036\354\000\040\000D\036\344\000N\000G}{}% 96
\BOOKMARK [2][-]{subsection.C.1}{\376\377\000B\000o\000a\000r\000d\000\040\001\021\000i\036\301\000u\000\040\000k\000h\000i\036\303\000n}{appendix.C}% 97
\BOOKMARK [2][-]{subsection.C.2}{\376\377\000W\000e\000b\000\040\000s\000e\000r\000v\000e\000r}{appendix.C}% 98
\BOOKMARK [3][-]{subsubsection.C.2.1}{\376\377\000M\000\341\000y\000\040\000c\000h\036\347\000\040\000V\000P\000S}{subsection.C.2}% 99
\BOOKMARK [3][-]{subsubsection.C.2.2}{\376\377\000T\000r\000i\036\303\000n\000\040\000k\000h\000a\000i\000\040\000w\000e\000b\000\040\000s\000e\000r\000v\000e\000r}{subsection.C.2}% 100
\BOOKMARK [3][-]{subsubsection.C.2.3}{\376\377\000S\036\355\000\040\000d\036\345\000n\000g\000\040\000t\000r\000a\000n\000g\000\040\000w\000e\000b}{subsection.C.2}% 101
\BOOKMARK [2][-]{subsection.C.3}{\376\377\036\350\000n\000g\000\040\000d\036\345\000n\000g\000\040\000d\000i\000\040\001\021\036\331\000n\000g}{appendix.C}% 102
\BOOKMARK [3][-]{subsubsection.C.3.1}{\376\377\000T\000r\000i\036\303\000n\000\040\000k\000h\000a\000i\000\040\036\351\000n\000g\000\040\000d\036\345\000n\000g\000\040\000t\000r\000\352\000n\000\040\000t\000h\000i\036\277\000t\000\040\000b\036\313\000\040\000d\000i\000\040\001\021\036\331\000n\000g}{subsection.C.3}% 103
\BOOKMARK [3][-]{subsubsection.C.3.2}{\376\377\000S\036\355\000\040\000d\036\345\000n\000g\000\040\036\351\000n\000g\000\040\000d\036\345\000n\000g}{subsection.C.3}% 104
